<?xml version="1.0" encoding="UTF-8"?>
<!-- Generated by org.testng.reporters.JUnitReportReporter -->
<testsuite hostname="LAPTOP-LEC46EMO" failures="0" tests="1" name="com.runner.runnerTestNG" time="9.506" errors="0" timestamp="2025-04-03T19:09:16 IST" skipped="0">
  <testcase classname="com.runner.runnerTestNG" name="runScenario" time="9.506"/>
</testsuite> <!-- com.runner.runnerTestNG -->
